<?xml version="1.0" encoding="UTF-8"?>
<coverage generated="1717374462538" clover="3.2.0">
  <project timestamp="1717374462538" name="All files">
    <metrics statements="29" coveredstatements="25" conditionals="21" coveredconditionals="14" methods="6" coveredmethods="5" elements="56" coveredelements="44" complexity="0" loc="29" ncloc="29" packages="1" files="1" classes="1"/>
    <file name="middleware.ts" path="/Users/natya/backend-iic3143/src/user/middleware.ts">
      <metrics statements="29" coveredstatements="25" conditionals="21" coveredconditionals="14" methods="6" coveredmethods="5"/>
      <line num="1" count="1" type="stmt"/>
      <line num="3" count="1" type="stmt"/>
      <line num="4" count="1" type="stmt"/>
      <line num="6" count="1" type="cond" truecount="1" falsecount="1"/>
      <line num="9" count="1" type="stmt"/>
      <line num="58" count="1" type="stmt"/>
      <line num="59" count="5" type="stmt"/>
      <line num="60" count="4" type="cond" truecount="2" falsecount="0"/>
      <line num="61" count="4" type="cond" truecount="2" falsecount="0"/>
      <line num="62" count="4" type="stmt"/>
      <line num="64" count="4" type="cond" truecount="1" falsecount="0"/>
      <line num="65" count="2" type="stmt"/>
      <line num="66" count="2" type="stmt"/>
      <line num="67" count="1" type="cond" truecount="2" falsecount="2"/>
      <line num="68" count="0" type="stmt"/>
      <line num="69" count="1" type="cond" truecount="2" falsecount="2"/>
      <line num="70" count="0" type="stmt"/>
      <line num="72" count="1" type="stmt"/>
      <line num="75" count="1" type="stmt"/>
      <line num="78" count="2" type="stmt"/>
      <line num="83" count="2" type="stmt"/>
      <line num="84" count="1" type="cond" truecount="1" falsecount="1"/>
      <line num="89" count="0" type="stmt"/>
      <line num="97" count="1" type="cond" truecount="1" falsecount="1"/>
      <line num="98" count="0" type="stmt"/>
      <line num="100" count="1" type="stmt"/>
      <line num="108" count="2" type="cond" truecount="2" falsecount="0"/>
      <line num="109" count="1" type="stmt"/>
      <line num="111" count="1" type="stmt"/>
    </file>
  </project>
</coverage>
