{"/Users/natya/backend-iic3143/src/user/middleware.ts": {"path":"/Users/natya/backend-iic3143/src/user/middleware.ts","statementMap":{"0":{"start":{"line":1,"column":0},"end":{"line":1,"column":52}},"1":{"start":{"line":3,"column":0},"end":{"line":3,"column":31}},"2":{"start":{"line":4,"column":0},"end":{"line":4,"column":30}},"3":{"start":{"line":6,"column":13},"end":{"line":6,"column":74}},"4":{"start":{"line":9,"column":15},"end":{"line":9,"column":33}},"5":{"start":{"line":59,"column":4},"end":{"line":79,"column":6}},"6":{"start":{"line":60,"column":23},"end":{"line":60,"column":57}},"7":{"start":{"line":61,"column":22},"end":{"line":61,"column":57}},"8":{"start":{"line":62,"column":22},"end":{"line":62,"column":30}},"9":{"start":{"line":64,"column":8},"end":{"line":77,"column":9}},"10":{"start":{"line":65,"column":12},"end":{"line":76,"column":13}},"11":{"start":{"line":66,"column":16},"end":{"line":66,"column":50}},"12":{"start":{"line":67,"column":16},"end":{"line":73,"column":17}},"13":{"start":{"line":68,"column":20},"end":{"line":68,"column":42}},"14":{"start":{"line":69,"column":23},"end":{"line":73,"column":17}},"15":{"start":{"line":70,"column":20},"end":{"line":70,"column":42}},"16":{"start":{"line":72,"column":20},"end":{"line":72,"column":34}},"17":{"start":{"line":75,"column":16},"end":{"line":75,"column":51}},"18":{"start":{"line":78,"column":8},"end":{"line":78,"column":51}},"19":{"start":{"line":58,"column":0},"end":{"line":58,"column":16}},"20":{"start":{"line":83,"column":19},"end":{"line":83,"column":71}},"21":{"start":{"line":84,"column":4},"end":{"line":84,"column":71}},"22":{"start":{"line":89,"column":4},"end":{"line":92,"column":11}},"23":{"start":{"line":97,"column":4},"end":{"line":104,"column":5}},"24":{"start":{"line":98,"column":8},"end":{"line":98,"column":15}},"25":{"start":{"line":100,"column":8},"end":{"line":103,"column":15}},"26":{"start":{"line":108,"column":4},"end":{"line":115,"column":5}},"27":{"start":{"line":109,"column":8},"end":{"line":109,"column":15}},"28":{"start":{"line":111,"column":8},"end":{"line":114,"column":15}}},"fnMap":{"0":{"name":"user","decl":{"start":{"line":58,"column":16},"end":{"line":58,"column":20}},"loc":{"start":{"line":58,"column":38},"end":{"line":80,"column":1}}},"1":{"name":"middleware","decl":{"start":{"line":59,"column":26},"end":{"line":59,"column":36}},"loc":{"start":{"line":59,"column":84},"end":{"line":79,"column":5}}},"2":{"name":"fetchUser","decl":{"start":{"line":82,"column":15},"end":{"line":82,"column":24}},"loc":{"start":{"line":82,"column":38},"end":{"line":85,"column":1}}},"3":{"name":"forbidden","decl":{"start":{"line":88,"column":9},"end":{"line":88,"column":18}},"loc":{"start":{"line":88,"column":32},"end":{"line":94,"column":1}}},"4":{"name":"expired","decl":{"start":{"line":96,"column":9},"end":{"line":96,"column":16}},"loc":{"start":{"line":96,"column":69},"end":{"line":105,"column":1}}},"5":{"name":"unauthenticated","decl":{"start":{"line":107,"column":9},"end":{"line":107,"column":24}},"loc":{"start":{"line":107,"column":77},"end":{"line":116,"column":1}}}},"branchMap":{"0":{"loc":{"start":{"line":6,"column":26},"end":{"line":6,"column":73}},"type":"binary-expr","locations":[{"start":{"line":6,"column":26},"end":{"line":6,"column":51}},{"start":{"line":6,"column":55},"end":{"line":6,"column":73}}]},"1":{"loc":{"start":{"line":60,"column":23},"end":{"line":60,"column":57}},"type":"binary-expr","locations":[{"start":{"line":60,"column":23},"end":{"line":60,"column":51}},{"start":{"line":60,"column":55},"end":{"line":60,"column":57}}]},"2":{"loc":{"start":{"line":61,"column":22},"end":{"line":61,"column":57}},"type":"binary-expr","locations":[{"start":{"line":61,"column":22},"end":{"line":61,"column":51}},{"start":{"line":61,"column":55},"end":{"line":61,"column":57}}]},"3":{"loc":{"start":{"line":64,"column":8},"end":{"line":77,"column":9}},"type":"if","locations":[{"start":{"line":64,"column":8},"end":{"line":77,"column":9}}]},"4":{"loc":{"start":{"line":67,"column":16},"end":{"line":73,"column":17}},"type":"if","locations":[{"start":{"line":67,"column":16},"end":{"line":73,"column":17}},{"start":{"line":69,"column":23},"end":{"line":73,"column":17}}]},"5":{"loc":{"start":{"line":67,"column":20},"end":{"line":67,"column":61}},"type":"binary-expr","locations":[{"start":{"line":67,"column":20},"end":{"line":67,"column":38}},{"start":{"line":67,"column":42},"end":{"line":67,"column":61}}]},"6":{"loc":{"start":{"line":69,"column":23},"end":{"line":73,"column":17}},"type":"if","locations":[{"start":{"line":69,"column":23},"end":{"line":73,"column":17}},{"start":{"line":71,"column":23},"end":{"line":73,"column":17}}]},"7":{"loc":{"start":{"line":69,"column":27},"end":{"line":69,"column":68}},"type":"binary-expr","locations":[{"start":{"line":69,"column":27},"end":{"line":69,"column":45}},{"start":{"line":69,"column":49},"end":{"line":69,"column":68}}]},"8":{"loc":{"start":{"line":84,"column":11},"end":{"line":84,"column":70}},"type":"binary-expr","locations":[{"start":{"line":84,"column":11},"end":{"line":84,"column":57}},{"start":{"line":84,"column":61},"end":{"line":84,"column":70}}]},"9":{"loc":{"start":{"line":97,"column":4},"end":{"line":104,"column":5}},"type":"if","locations":[{"start":{"line":97,"column":4},"end":{"line":104,"column":5}},{"start":{"line":99,"column":11},"end":{"line":104,"column":5}}]},"10":{"loc":{"start":{"line":108,"column":4},"end":{"line":115,"column":5}},"type":"if","locations":[{"start":{"line":108,"column":4},"end":{"line":115,"column":5}},{"start":{"line":110,"column":11},"end":{"line":115,"column":5}}]}},"s":{"0":1,"1":1,"2":1,"3":1,"4":1,"5":5,"6":4,"7":4,"8":4,"9":4,"10":2,"11":2,"12":1,"13":0,"14":1,"15":0,"16":1,"17":1,"18":2,"19":1,"20":2,"21":1,"22":0,"23":1,"24":0,"25":1,"26":2,"27":1,"28":1},"f":{"0":5,"1":4,"2":2,"3":0,"4":1,"5":2},"b":{"0":[1,0],"1":[4,2],"2":[4,2],"3":[2],"4":[0,1],"5":[1,0],"6":[0,1],"7":[1,0],"8":[1,0],"9":[0,1],"10":[1,1]}}
}
