TN:
SF:src/user/middleware.ts
FN:58,user
FN:59,middleware
FN:82,fetchUser
FN:88,forbidden
FN:96,expired
FN:107,unauthenticated
FNF:6
FNH:5
FNDA:5,user
FNDA:4,middleware
FNDA:2,fetchUser
FNDA:0,forbidden
FNDA:1,expired
FNDA:2,unauthenticated
DA:1,1
DA:3,1
DA:4,1
DA:6,1
DA:9,1
DA:58,1
DA:59,5
DA:60,4
DA:61,4
DA:62,4
DA:64,4
DA:65,2
DA:66,2
DA:67,1
DA:68,0
DA:69,1
DA:70,0
DA:72,1
DA:75,1
DA:78,2
DA:83,2
DA:84,1
DA:89,0
DA:97,1
DA:98,0
DA:100,1
DA:108,2
DA:109,1
DA:111,1
LF:29
LH:25
BRDA:6,0,0,1
BRDA:6,0,1,0
BRDA:60,1,0,4
BRDA:60,1,1,2
BRDA:61,2,0,4
BRDA:61,2,1,2
BRDA:64,3,0,2
BRDA:67,4,0,0
BRDA:67,4,1,1
BRDA:67,5,0,1
BRDA:67,5,1,0
BRDA:69,6,0,0
BRDA:69,6,1,1
BRDA:69,7,0,1
BRDA:69,7,1,0
BRDA:84,8,0,1
BRDA:84,8,1,0
BRDA:97,9,0,0
BRDA:97,9,1,1
BRDA:108,10,0,1
BRDA:108,10,1,1
BRF:21
BRH:14
end_of_record
